2024-12-21 13:22:10,433 - Video_analyser.utils.logger - ERROR - Video analysis failed: Missing required product information: ['tagline', 'brand_colors']
2024-12-21 13:23:30,577 - Video_analyser.utils.logger - ERROR - Video analysis failed: Missing required product information: ['product_name']
2024-12-21 13:32:32,252 - Video_analyser.utils.logger - INFO - Validating inputs...
2024-12-21 13:32:32,253 - Video_analyser.utils.logger - INFO - Extracting frames...
2024-12-21 13:32:32,253 - Video_analyser.utils.logger - ERROR - Video analysis failed: 'super' object has no attribute '_extract_frames'
2024-12-21 13:34:18,994 - Video_analyser.utils.logger - INFO - Validating inputs...
2024-12-21 13:34:18,994 - Video_analyser.utils.logger - INFO - Extracting frames...
2024-12-21 13:34:19,493 - Video_analyser.utils.logger - INFO - Performing technical analysis...
2024-12-21 13:34:24,281 - Video_analyser.utils.logger - INFO - Performing AI analysis...
2024-12-21 13:34:59,241 - Video_analyser.utils.logger - INFO - Aggregating results...
2024-12-21 13:34:59,247 - Video_analyser.utils.logger - INFO - Analysis complete. Report saved to analysis_results\analysis_report_ecovivefinal.txt
2024-12-21 13:37:43,776 - Video_analyser.utils.logger - INFO - Validating inputs...
2024-12-21 13:37:43,776 - Video_analyser.utils.logger - ERROR - Video analysis failed: Missing required product information: ['product_name']
2024-12-21 13:38:11,873 - Video_analyser.utils.logger - INFO - Validating inputs...
2024-12-21 13:38:11,873 - Video_analyser.utils.logger - INFO - Extracting frames...
2024-12-21 13:38:12,441 - Video_analyser.utils.logger - INFO - Performing technical analysis...
2024-12-21 13:38:17,400 - Video_analyser.utils.logger - INFO - Performing AI analysis...
2024-12-21 13:38:53,111 - Video_analyser.utils.logger - INFO - Aggregating results...
2024-12-21 13:38:53,114 - Video_analyser.utils.logger - INFO - Analysis complete. Report saved to analysis_results\analysis_report_ecovivefinal.txt
2024-12-21 13:40:45,300 - Video_analyser.utils.logger - INFO - Validating inputs...
2024-12-21 13:40:45,300 - Video_analyser.utils.logger - INFO - Extracting frames...
2024-12-21 13:40:45,928 - Video_analyser.utils.logger - INFO - Performing technical analysis...
2024-12-21 13:40:51,711 - Video_analyser.utils.logger - INFO - Performing AI analysis...
2024-12-21 13:41:30,007 - Video_analyser.utils.logger - INFO - Aggregating results...
2024-12-21 13:41:30,021 - Video_analyser.utils.logger - INFO - Analysis complete. Report saved to analysis_results\analysis_report_adv2.txt
2024-12-21 13:47:59,626 - Video_analyser.utils.logger - INFO - Validating inputs...
2024-12-21 13:47:59,627 - Video_analyser.utils.logger - INFO - Extracting frames...
2024-12-21 13:48:01,597 - Video_analyser.utils.logger - INFO - Performing technical analysis...
2024-12-21 13:48:18,559 - Video_analyser.utils.logger - INFO - Performing AI analysis...
2024-12-21 13:48:57,964 - Video_analyser.utils.logger - INFO - Aggregating results...
2024-12-21 13:48:57,970 - Video_analyser.utils.logger - INFO - Analysis complete. Report saved to analysis_results\analysis_report_adv1.txt
2024-12-21 14:37:41,671 - Video_analyser.utils.logger - INFO - Validating inputs...
2024-12-21 14:37:41,673 - Video_analyser.utils.logger - INFO - Extracting frames...
2024-12-21 14:37:42,969 - Video_analyser.utils.logger - INFO - Performing technical analysis...
2024-12-21 14:37:52,676 - Video_analyser.utils.logger - INFO - Performing AI analysis...
2024-12-21 14:38:33,181 - Video_analyser.utils.logger - INFO - Aggregating results...
2024-12-21 14:38:33,194 - Video_analyser.utils.logger - INFO - Analysis complete. Report saved to analysis_results\analysis_report_ecovivefinal.txt
2024-12-21 14:42:50,318 - Video_analyser.utils.logger - INFO - Validating inputs...
2024-12-21 14:42:50,319 - Video_analyser.utils.logger - INFO - Extracting frames...
2024-12-21 14:42:51,457 - Video_analyser.utils.logger - INFO - Performing technical analysis...
2024-12-21 14:42:59,625 - Video_analyser.utils.logger - INFO - Performing AI analysis...
2024-12-21 14:43:43,695 - Video_analyser.utils.logger - INFO - Aggregating results...
2024-12-21 14:43:43,712 - Video_analyser.utils.logger - INFO - Analysis complete. Report saved to analysis_results\analysis_report_ecovivefinal.txt
2024-12-21 15:15:10,075 - Video_analyser.utils.logger - INFO - Validating inputs...
2024-12-21 15:15:10,076 - Video_analyser.utils.logger - INFO - Extracting frames...
2024-12-21 15:15:11,384 - Video_analyser.utils.logger - INFO - Performing technical analysis...
2024-12-21 15:15:20,888 - Video_analyser.utils.logger - INFO - Performing AI analysis...
2024-12-21 15:16:04,040 - Video_analyser.utils.logger - INFO - Aggregating results...
2024-12-21 15:16:04,047 - Video_analyser.utils.logger - INFO - Analysis complete. Report saved to analysis_results\analysis_report_ecovivefinal.txt
2024-12-21 15:35:11,738 - Video_analyser.utils.logger - INFO - Validating inputs...
2024-12-21 15:35:11,739 - Video_analyser.utils.logger - INFO - Extracting frames...
2024-12-21 15:35:12,924 - Video_analyser.utils.logger - INFO - Performing technical analysis...
2024-12-21 15:35:21,120 - Video_analyser.utils.logger - INFO - Performing AI analysis...
2024-12-21 15:36:04,820 - Video_analyser.utils.logger - INFO - Aggregating results...
2024-12-21 15:36:04,821 - Video_analyser.utils.logger - ERROR - Video analysis failed: unsupported operand type(s) for +: 'dict' and 'dict'
2024-12-21 15:39:36,408 - Video_analyser.utils.logger - INFO - Validating inputs...
2024-12-21 15:39:36,410 - Video_analyser.utils.logger - INFO - Extracting frames...
2024-12-21 15:39:37,636 - Video_analyser.utils.logger - INFO - Performing technical analysis...
2024-12-21 15:39:46,188 - Video_analyser.utils.logger - INFO - Performing AI analysis...
2024-12-21 15:40:29,535 - Video_analyser.utils.logger - INFO - Aggregating results...
2024-12-21 15:40:29,536 - Video_analyser.utils.logger - ERROR - Video analysis failed: unsupported operand type(s) for +: 'dict' and 'dict'
2024-12-21 15:45:47,200 - Video_analyser.utils.logger - INFO - Validating inputs...
2024-12-21 15:45:47,201 - Video_analyser.utils.logger - INFO - Extracting frames...
2024-12-21 15:45:48,371 - Video_analyser.utils.logger - INFO - Performing technical analysis...
2024-12-21 15:45:56,916 - Video_analyser.utils.logger - INFO - Performing AI analysis...
2024-12-21 15:46:40,645 - Video_analyser.utils.logger - INFO - Aggregating results...
2024-12-21 15:46:40,646 - Video_analyser.utils.logger - ERROR - Video analysis failed: unsupported operand type(s) for +: 'dict' and 'dict'
2024-12-21 16:02:56,051 - Video_analyser.utils.logger - INFO - Validating inputs...
2024-12-21 16:02:56,052 - Video_analyser.utils.logger - INFO - Extracting frames...
2024-12-21 16:02:57,260 - Video_analyser.utils.logger - INFO - Performing technical analysis...
2024-12-21 16:03:05,609 - Video_analyser.utils.logger - INFO - Performing AI analysis...
2024-12-21 16:03:50,516 - Video_analyser.utils.logger - INFO - Aggregating results...
2024-12-21 16:03:50,527 - Video_analyser.utils.logger - ERROR - Video analysis failed: unsupported operand type(s) for +: 'dict' and 'dict'
2024-12-21 16:09:48,151 - Video_analyser.utils.logger - INFO - Validating inputs...
2024-12-21 16:09:48,152 - Video_analyser.utils.logger - INFO - Extracting frames...
2024-12-21 16:09:49,386 - Video_analyser.utils.logger - INFO - Performing technical analysis...
2024-12-21 16:09:58,214 - Video_analyser.utils.logger - INFO - Performing AI analysis...
2024-12-21 16:10:41,359 - Video_analyser.utils.logger - INFO - Aggregating results...
2024-12-21 16:10:41,360 - Video_analyser.utils.logger - ERROR - Error in _aggregate_results: unsupported operand type(s) for +: 'dict' and 'dict'
2024-12-21 16:10:41,360 - Video_analyser.utils.logger - ERROR - Video analysis failed: 'color'
2024-12-21 16:11:46,778 - Video_analyser.utils.logger - INFO - Validating inputs...
2024-12-21 16:11:46,779 - Video_analyser.utils.logger - INFO - Extracting frames...
2024-12-21 16:11:47,897 - Video_analyser.utils.logger - INFO - Performing technical analysis...
2024-12-21 16:11:56,157 - Video_analyser.utils.logger - INFO - Performing AI analysis...
2024-12-21 16:12:36,219 - Video_analyser.utils.logger - INFO - Aggregating results...
2024-12-21 16:12:36,220 - Video_analyser.utils.logger - ERROR - Video analysis failed: unsupported operand type(s) for +: 'dict' and 'dict'
2024-12-21 16:13:26,831 - Video_analyser.utils.logger - INFO - Validating inputs...
2024-12-21 16:13:26,832 - Video_analyser.utils.logger - INFO - Extracting frames...
2024-12-21 16:13:28,022 - Video_analyser.utils.logger - INFO - Performing technical analysis...
2024-12-21 16:13:36,476 - Video_analyser.utils.logger - INFO - Performing AI analysis...
2024-12-21 16:14:25,522 - Video_analyser.utils.logger - INFO - Aggregating results...
2024-12-21 16:14:25,523 - Video_analyser.utils.logger - ERROR - Video analysis failed: unsupported operand type(s) for +: 'dict' and 'dict'
2024-12-21 16:15:16,290 - Video_analyser.utils.logger - INFO - Validating inputs...
2024-12-21 16:15:16,292 - Video_analyser.utils.logger - INFO - Extracting frames...
2024-12-21 16:15:17,338 - Video_analyser.utils.logger - INFO - Performing technical analysis...
2024-12-21 16:15:26,687 - Video_analyser.utils.logger - INFO - Performing AI analysis...
2024-12-21 16:16:14,480 - Video_analyser.utils.logger - INFO - Aggregating results...
2024-12-21 16:16:14,481 - Video_analyser.utils.logger - ERROR - Video analysis failed: unsupported operand type(s) for +: 'dict' and 'dict'
2024-12-21 16:16:42,432 - Video_analyser.utils.logger - INFO - Validating inputs...
2024-12-21 16:16:42,433 - Video_analyser.utils.logger - INFO - Extracting frames...
2024-12-21 16:16:43,223 - Video_analyser.utils.logger - INFO - Performing technical analysis...
2024-12-21 16:16:51,203 - Video_analyser.utils.logger - INFO - Performing AI analysis...
2024-12-21 16:17:35,891 - Video_analyser.utils.logger - INFO - Aggregating results...
2024-12-21 16:17:35,892 - Video_analyser.utils.logger - ERROR - Video analysis failed: unsupported operand type(s) for +: 'dict' and 'dict'
2024-12-21 16:19:05,410 - Video_analyser.utils.logger - INFO - Validating inputs...
2024-12-21 16:19:05,411 - Video_analyser.utils.logger - INFO - Extracting frames...
2024-12-21 16:19:06,259 - Video_analyser.utils.logger - INFO - Performing technical analysis...
2024-12-21 16:19:14,675 - Video_analyser.utils.logger - INFO - Performing AI analysis...
2024-12-21 16:20:08,274 - Video_analyser.utils.logger - INFO - Aggregating results...
2024-12-21 16:20:08,301 - Video_analyser.utils.logger - INFO - Analysis complete. Report saved to analysis_results\analysis_report_ecovivefinal.txt
2024-12-21 16:22:24,399 - Video_analyser.utils.logger - INFO - Validating inputs...
2024-12-21 16:22:24,401 - Video_analyser.utils.logger - INFO - Extracting frames...
2024-12-21 16:22:25,633 - Video_analyser.utils.logger - INFO - Performing technical analysis...
2024-12-21 16:22:34,237 - Video_analyser.utils.logger - INFO - Performing AI analysis...
2024-12-21 16:22:47,324 - Video_analyser.utils.logger - INFO - Aggregating results...
2024-12-21 16:22:47,338 - Video_analyser.utils.logger - INFO - Analysis complete. Report saved to analysis_results\analysis_report_ecovivefinal.txt
2024-12-21 16:25:39,551 - Video_analyser.utils.logger - INFO - Validating inputs...
2024-12-21 16:25:39,552 - Video_analyser.utils.logger - INFO - Extracting frames...
2024-12-21 16:25:40,789 - Video_analyser.utils.logger - INFO - Performing technical analysis...
2024-12-21 16:25:49,491 - Video_analyser.utils.logger - INFO - Performing AI analysis...
2024-12-21 16:26:20,525 - Video_analyser.utils.logger - INFO - Aggregating results...
2024-12-21 16:26:20,532 - Video_analyser.utils.logger - INFO - Analysis complete. Report saved to analysis_results\analysis_report_ecovivefinal.txt
2024-12-21 16:28:55,746 - Video_analyser.utils.logger - INFO - Validating inputs...
2024-12-21 16:28:55,756 - Video_analyser.utils.logger - INFO - Extracting frames...
2024-12-21 16:28:59,647 - Video_analyser.utils.logger - INFO - Performing technical analysis...
2024-12-21 16:29:28,954 - Video_analyser.utils.logger - INFO - Performing AI analysis...
2024-12-21 16:36:31,210 - Video_analyser.utils.logger - INFO - Validating inputs...
2024-12-21 16:36:31,212 - Video_analyser.utils.logger - INFO - Extracting frames...
2024-12-21 16:36:33,826 - Video_analyser.utils.logger - INFO - Performing technical analysis...
2024-12-21 16:37:03,836 - Video_analyser.utils.logger - INFO - Validating inputs...
2024-12-21 16:37:03,836 - Video_analyser.utils.logger - INFO - Extracting frames...
2024-12-21 16:37:06,980 - Video_analyser.utils.logger - INFO - Performing technical analysis...
2024-12-21 16:37:37,072 - Video_analyser.utils.logger - INFO - Performing AI analysis...
2024-12-21 16:37:59,838 - Video_analyser.utils.logger - INFO - Aggregating results...
2024-12-21 16:37:59,847 - Video_analyser.utils.logger - INFO - Analysis complete. Report saved to analysis_results\analysis_report_adv1.txt
2024-12-21 16:42:03,678 - Video_analyser.utils.logger - INFO - Validating inputs...
2024-12-21 16:42:03,680 - Video_analyser.utils.logger - INFO - Extracting frames...
2024-12-21 16:42:06,532 - Video_analyser.utils.logger - INFO - Performing technical analysis...
2024-12-21 16:42:08,643 - Video_analyser.utils.logger - ERROR - Video analysis failed: Brand analysis failed: invalid literal for int() with base 16: '['
2024-12-21 16:42:46,538 - Video_analyser.utils.logger - INFO - Validating inputs...
2024-12-21 16:42:46,539 - Video_analyser.utils.logger - INFO - Extracting frames...
2024-12-21 16:42:48,681 - Video_analyser.utils.logger - INFO - Performing technical analysis...
2024-12-21 16:42:50,549 - Video_analyser.utils.logger - ERROR - Video analysis failed: Brand analysis failed: invalid literal for int() with base 16: '['
2024-12-21 16:45:17,565 - Video_analyser.utils.logger - INFO - Validating inputs...
2024-12-21 16:45:17,567 - Video_analyser.utils.logger - INFO - Extracting frames...
2024-12-21 16:45:20,435 - Video_analyser.utils.logger - INFO - Performing technical analysis...
2024-12-21 16:45:22,469 - Video_analyser.utils.logger - ERROR - Video analysis failed: Brand analysis failed: Invalid brand colors format: '[' was never closed (<unknown>, line 1)
2024-12-21 16:46:59,392 - Video_analyser.utils.logger - INFO - Validating inputs...
2024-12-21 16:46:59,393 - Video_analyser.utils.logger - INFO - Extracting frames...
2024-12-21 16:47:02,052 - Video_analyser.utils.logger - INFO - Performing technical analysis...
2024-12-21 16:47:24,652 - Video_analyser.utils.logger - INFO - Performing AI analysis...
2024-12-21 16:47:34,744 - Video_analyser.utils.logger - INFO - Aggregating results...
2024-12-21 16:47:34,753 - Video_analyser.utils.logger - INFO - Analysis complete. Report saved to analysis_results\analysis_report_videoplayback.txt
2024-12-21 16:49:29,042 - Video_analyser.utils.logger - INFO - Validating inputs...
2024-12-21 16:49:29,043 - Video_analyser.utils.logger - ERROR - Video analysis failed: Missing required product information: ['brand_colors']
2024-12-21 16:51:30,453 - Video_analyser.utils.logger - INFO - Validating inputs...
2024-12-21 16:51:30,454 - Video_analyser.utils.logger - INFO - Extracting frames...
2024-12-21 16:51:33,354 - Video_analyser.utils.logger - INFO - Performing technical analysis...
2024-12-21 16:51:52,716 - Video_analyser.utils.logger - INFO - Performing AI analysis...
2024-12-21 16:52:17,072 - Video_analyser.utils.logger - INFO - Aggregating results...
2024-12-21 16:52:17,079 - Video_analyser.utils.logger - INFO - Analysis complete. Report saved to analysis_results\analysis_report_videoplayback.txt
2024-12-21 16:55:28,166 - Video_analyser.utils.logger - INFO - Validating inputs...
2024-12-21 16:55:28,176 - Video_analyser.utils.logger - INFO - Extracting frames...
2024-12-21 16:55:29,375 - Video_analyser.utils.logger - INFO - Performing technical analysis...
2024-12-21 16:55:38,762 - Video_analyser.utils.logger - INFO - Performing AI analysis...
2024-12-21 16:55:43,531 - Video_analyser.utils.logger - INFO - Aggregating results...
2024-12-21 16:55:43,545 - Video_analyser.utils.logger - INFO - Analysis complete. Report saved to analysis_results\analysis_report_videoplayback (1).txt
2024-12-21 16:56:19,256 - Video_analyser.utils.logger - INFO - Validating inputs...
2024-12-21 16:56:19,257 - Video_analyser.utils.logger - INFO - Extracting frames...
2024-12-21 16:56:20,273 - Video_analyser.utils.logger - INFO - Performing technical analysis...
2024-12-21 16:56:29,275 - Video_analyser.utils.logger - INFO - Performing AI analysis...
2024-12-21 16:56:33,209 - Video_analyser.utils.logger - INFO - Aggregating results...
2024-12-21 16:56:33,219 - Video_analyser.utils.logger - INFO - Analysis complete. Report saved to analysis_results\analysis_report_videoplayback (1).txt
2024-12-21 16:58:42,290 - Video_analyser.utils.logger - INFO - Validating inputs...
2024-12-21 16:58:42,291 - Video_analyser.utils.logger - INFO - Extracting frames...
2024-12-21 16:58:45,980 - Video_analyser.utils.logger - INFO - Performing technical analysis...
2024-12-21 16:59:13,556 - Video_analyser.utils.logger - INFO - Performing AI analysis...
2024-12-21 16:59:21,654 - Video_analyser.utils.logger - INFO - Aggregating results...
2024-12-21 16:59:21,667 - Video_analyser.utils.logger - INFO - Analysis complete. Report saved to analysis_results\analysis_report_adv1.txt
2024-12-21 18:22:40,026 - Video_analyser.utils.logger - INFO - Validating inputs...
2024-12-21 18:22:40,027 - Video_analyser.utils.logger - INFO - Extracting frames...
2024-12-21 18:22:40,573 - Video_analyser.utils.logger - INFO - Performing technical analysis...
2024-12-21 18:22:44,427 - Video_analyser.utils.logger - INFO - Performing AI analysis...
2024-12-21 18:22:50,187 - Video_analyser.utils.logger - INFO - Aggregating results...
2024-12-21 18:22:50,191 - Video_analyser.utils.logger - INFO - Analysis complete. Report saved to analysis_results\analysis_report_ecovivefinal (online-video-cutter.com).txt
2024-12-21 18:34:15,480 - Video_analyser.utils.logger - INFO - Validating inputs...
2024-12-21 18:34:15,481 - Video_analyser.utils.logger - INFO - Extracting frames...
2024-12-21 18:34:16,292 - Video_analyser.utils.logger - INFO - Performing technical analysis...
2024-12-21 18:34:22,258 - Video_analyser.utils.logger - INFO - Performing AI analysis...
2024-12-21 18:34:37,409 - Video_analyser.utils.logger - INFO - Aggregating results...
2024-12-21 18:34:37,418 - Video_analyser.utils.logger - INFO - Analysis complete. Report saved to analysis_results\analysis_report_ecovivefinal (online-video-cutter.com).txt
2024-12-21 18:42:22,112 - Video_analyser.utils.logger - INFO - Validating inputs...
2024-12-21 18:42:22,114 - Video_analyser.utils.logger - INFO - Extracting frames...
2024-12-21 18:42:22,930 - Video_analyser.utils.logger - INFO - Performing technical analysis...
2024-12-21 18:42:29,072 - Video_analyser.utils.logger - INFO - Performing AI analysis...
2024-12-21 18:43:02,099 - Video_analyser.utils.logger - ERROR - Video analysis failed: 'GeminiHandler' object has no attribute '_parse_response'
2024-12-21 18:44:34,031 - Video_analyser.utils.logger - INFO - Validating inputs...
2024-12-21 18:44:34,032 - Video_analyser.utils.logger - INFO - Extracting frames...
2024-12-21 18:44:34,711 - Video_analyser.utils.logger - INFO - Performing technical analysis...
2024-12-21 18:44:41,146 - Video_analyser.utils.logger - INFO - Performing AI analysis...
2024-12-21 18:44:54,125 - Video_analyser.utils.logger - ERROR - Video analysis failed: 429 Resource has been exhausted (e.g. check quota).
2024-12-21 18:45:45,396 - Video_analyser.utils.logger - INFO - Validating inputs...
2024-12-21 18:45:45,399 - Video_analyser.utils.logger - INFO - Extracting frames...
2024-12-21 18:45:46,204 - Video_analyser.utils.logger - INFO - Performing technical analysis...
2024-12-21 18:45:51,905 - Video_analyser.utils.logger - INFO - Performing AI analysis...
2024-12-21 18:46:23,113 - Video_analyser.utils.logger - ERROR - Video analysis failed: Missing score for visual_impact
2024-12-21 18:51:19,797 - Video_analyser.utils.logger - INFO - Validating inputs...
2024-12-21 18:51:19,798 - Video_analyser.utils.logger - INFO - Extracting frames...
2024-12-21 18:51:20,579 - Video_analyser.utils.logger - INFO - Performing technical analysis...
2024-12-21 18:51:27,026 - Video_analyser.utils.logger - INFO - Performing AI analysis...
2024-12-21 18:52:13,952 - Video_analyser.utils.logger - INFO - Aggregating results...
2024-12-21 18:52:13,976 - Video_analyser.utils.logger - INFO - Analysis complete. Report saved to analysis_results\analysis_report_ecovivefinal (online-video-cutter.com).txt
2024-12-21 18:58:20,380 - Video_analyser.utils.logger - INFO - Validating inputs...
2024-12-21 18:58:20,382 - Video_analyser.utils.logger - INFO - Extracting frames...
2024-12-21 18:58:21,326 - Video_analyser.utils.logger - INFO - Performing technical analysis...
2024-12-21 18:58:27,048 - Video_analyser.utils.logger - INFO - Performing AI analysis...
2024-12-21 18:59:04,168 - Video_analyser.utils.logger - INFO - Aggregating results...
2024-12-21 18:59:04,195 - Video_analyser.utils.logger - INFO - Analysis complete. Report saved to analysis_results\analysis_report_ecovivefinal (online-video-cutter.com).txt
2024-12-21 19:00:46,140 - Video_analyser.utils.logger - INFO - Validating inputs...
2024-12-21 19:00:46,150 - Video_analyser.utils.logger - INFO - Extracting frames...
2024-12-21 19:00:47,405 - Video_analyser.utils.logger - INFO - Performing technical analysis...
2024-12-21 19:00:57,206 - Video_analyser.utils.logger - INFO - Performing AI analysis...
2024-12-21 19:01:36,646 - Video_analyser.utils.logger - INFO - Aggregating results...
2024-12-21 19:01:36,657 - Video_analyser.utils.logger - INFO - Analysis complete. Report saved to analysis_results\analysis_report_adv2.txt
2024-12-21 19:20:24,125 - Video_analyser.utils.logger - INFO - Validating inputs...
2024-12-21 19:20:24,126 - Video_analyser.utils.logger - INFO - Extracting frames...
2024-12-21 19:20:25,291 - Video_analyser.utils.logger - INFO - Performing technical analysis...
2024-12-21 19:20:34,368 - Video_analyser.utils.logger - INFO - Performing AI analysis...
2024-12-21 19:21:10,692 - Video_analyser.utils.logger - INFO - Aggregating results...
2024-12-21 19:21:10,700 - Video_analyser.utils.logger - INFO - Analysis complete. Report saved to analysis_results\analysis_report_adv2.txt
2024-12-21 20:06:48,513 - Video_analyser.utils.logger - INFO - Validating inputs...
2024-12-21 20:06:48,514 - Video_analyser.utils.logger - INFO - Extracting frames...
2024-12-21 20:06:49,533 - Video_analyser.utils.logger - INFO - Performing technical analysis...
2024-12-21 20:06:55,544 - Video_analyser.utils.logger - INFO - Performing AI analysis...
2024-12-21 20:08:06,838 - Video_analyser.utils.logger - INFO - Aggregating results...
2024-12-21 20:08:06,850 - Video_analyser.utils.logger - INFO - Analysis complete. Report saved to analysis_results\analysis_report_ecovivefinal (online-video-cutter.com).txt
2024-12-21 20:09:43,933 - Video_analyser.utils.logger - INFO - Validating inputs...
2024-12-21 20:09:43,934 - Video_analyser.utils.logger - INFO - Extracting frames...
2024-12-21 20:09:44,666 - Video_analyser.utils.logger - INFO - Performing technical analysis...
2024-12-21 20:09:50,641 - Video_analyser.utils.logger - INFO - Performing AI analysis...
2024-12-21 20:10:40,145 - Video_analyser.utils.logger - INFO - Aggregating results...
2024-12-21 20:10:40,156 - Video_analyser.utils.logger - INFO - Analysis complete. Report saved to analysis_results\analysis_report_ecovivefinal (online-video-cutter.com).txt
2024-12-21 20:13:49,037 - Video_analyser.utils.logger - INFO - Validating inputs...
2024-12-21 20:13:49,038 - Video_analyser.utils.logger - INFO - Extracting frames...
2024-12-21 20:13:50,402 - Video_analyser.utils.logger - INFO - Performing technical analysis...
2024-12-21 20:13:58,572 - Video_analyser.utils.logger - INFO - Performing AI analysis...
2024-12-21 20:15:05,234 - Video_analyser.utils.logger - INFO - Aggregating results...
2024-12-21 20:15:05,246 - Video_analyser.utils.logger - INFO - Analysis complete. Report saved to analysis_results\analysis_report_ecovivefinal (online-video-cutter.com).txt
2024-12-21 21:25:40,423 - Video_analyser.utils.logger - INFO - Validating inputs...
2024-12-21 21:25:40,424 - Video_analyser.utils.logger - INFO - Extracting frames...
2024-12-21 21:25:41,089 - Video_analyser.utils.logger - INFO - Performing technical analysis...
2024-12-21 21:25:45,848 - Video_analyser.utils.logger - INFO - Performing AI analysis...
2024-12-21 21:26:30,401 - Video_analyser.utils.logger - INFO - Aggregating results...
2024-12-21 21:26:30,408 - Video_analyser.utils.logger - INFO - Analysis complete. Report saved to analysis_results\analysis_report_ecovivefinal.txt
2024-12-21 21:30:01,906 - Video_analyser.utils.logger - INFO - Validating inputs...
2024-12-21 21:30:01,907 - Video_analyser.utils.logger - INFO - Extracting frames...
2024-12-21 21:30:02,672 - Video_analyser.utils.logger - INFO - Performing technical analysis...
2024-12-21 21:30:07,882 - Video_analyser.utils.logger - INFO - Performing AI analysis...
2024-12-21 21:30:57,944 - Video_analyser.utils.logger - INFO - Aggregating results...
2024-12-21 21:30:57,952 - Video_analyser.utils.logger - INFO - Analysis complete. Report saved to analysis_results\analysis_report_ecovivefinal.txt
2024-12-21 21:34:35,364 - Video_analyser.utils.logger - INFO - Validating inputs...
2024-12-21 21:34:35,367 - Video_analyser.utils.logger - INFO - Extracting frames...
2024-12-21 21:34:36,171 - Video_analyser.utils.logger - INFO - Performing technical analysis...
2024-12-21 21:34:41,380 - Video_analyser.utils.logger - INFO - Performing AI analysis...
2024-12-21 21:37:08,124 - Video_analyser.utils.logger - INFO - Validating inputs...
2024-12-21 21:37:08,125 - Video_analyser.utils.logger - INFO - Extracting frames...
2024-12-21 21:37:09,064 - Video_analyser.utils.logger - INFO - Performing technical analysis...
2024-12-21 21:37:14,806 - Video_analyser.utils.logger - INFO - Performing AI analysis...
2024-12-21 21:38:13,298 - Video_analyser.utils.logger - INFO - Aggregating results...
2024-12-21 21:38:13,303 - Video_analyser.utils.logger - INFO - Analysis complete. Report saved to analysis_results\analysis_report_ecovivefinal.txt
2024-12-22 13:34:53,848 - Video_analyser.utils.logger - INFO - Validating inputs...
2024-12-22 13:34:53,849 - Video_analyser.utils.logger - INFO - Extracting frames...
2024-12-22 13:34:54,124 - Video_analyser.utils.logger - INFO - Performing technical analysis...
2024-12-22 13:34:56,002 - Video_analyser.utils.logger - INFO - Performing AI analysis...
2024-12-22 13:35:29,016 - Video_analyser.utils.logger - INFO - Aggregating results...
2024-12-22 13:35:29,031 - Video_analyser.utils.logger - INFO - Analysis complete. Report saved to analysis_results\analysis_report_Final_Advertisement (1).txt
2024-12-22 21:17:28,189 - Video_analyser.utils.logger - INFO - Validating inputs...
2024-12-22 21:17:28,191 - Video_analyser.utils.logger - INFO - Extracting frames...
2024-12-22 21:17:28,950 - Video_analyser.utils.logger - INFO - Performing technical analysis...
2024-12-22 21:17:31,777 - Video_analyser.utils.logger - INFO - Validating inputs...
2024-12-22 21:17:31,778 - Video_analyser.utils.logger - INFO - Extracting frames...
2024-12-22 21:17:32,965 - Video_analyser.utils.logger - INFO - Performing technical analysis...
2024-12-22 21:17:35,253 - Video_analyser.utils.logger - INFO - Performing AI analysis...
2024-12-22 21:17:38,893 - Video_analyser.utils.logger - INFO - Performing AI analysis...
2024-12-22 21:18:13,481 - Video_analyser.utils.logger - INFO - Aggregating results...
2024-12-22 21:18:13,487 - Video_analyser.utils.logger - INFO - Analysis complete. Report saved to analysis_results\analysis_report_ecovivefinal.txt
2024-12-22 21:18:14,137 - Video_analyser.utils.logger - INFO - Aggregating results...
2024-12-22 21:18:14,141 - Video_analyser.utils.logger - INFO - Analysis complete. Report saved to analysis_results\analysis_report_ecovivefinal.txt
2024-12-22 21:31:16,486 - Video_analyser.utils.logger - INFO - Validating inputs...
2024-12-22 21:31:16,486 - Video_analyser.utils.logger - INFO - Extracting frames...
2024-12-22 21:31:17,167 - Video_analyser.utils.logger - INFO - Performing technical analysis...
2024-12-22 21:31:23,317 - Video_analyser.utils.logger - INFO - Performing AI analysis...
2024-12-22 21:32:01,819 - Video_analyser.utils.logger - INFO - Aggregating results...
2024-12-22 21:32:01,835 - Video_analyser.utils.logger - INFO - Analysis complete. Report saved to analysis_results\analysis_report_ecovivefinal.txt
2024-12-22 22:09:18,956 - Video_analyser.utils.logger - INFO - Validating inputs...
2024-12-22 22:09:18,958 - Video_analyser.utils.logger - INFO - Extracting frames...
2024-12-22 22:09:19,365 - Video_analyser.utils.logger - INFO - Performing technical analysis...
2024-12-22 22:09:22,476 - Video_analyser.utils.logger - INFO - Performing AI analysis...
2024-12-22 22:09:58,430 - Video_analyser.utils.logger - INFO - Aggregating results...
2024-12-22 22:09:58,454 - Video_analyser.utils.logger - INFO - Analysis complete. Report saved to analysis_results\analysis_report_final_advertisement_3.txt
2024-12-23 09:40:56,412 - Video_analyser.utils.logger - INFO - Validating inputs...
2024-12-23 09:40:56,414 - Video_analyser.utils.logger - INFO - Extracting frames...
2024-12-23 09:40:56,792 - Video_analyser.utils.logger - INFO - Performing technical analysis...
2024-12-23 09:41:00,451 - Video_analyser.utils.logger - INFO - Performing AI analysis...
2024-12-23 09:41:36,267 - Video_analyser.utils.logger - INFO - Aggregating results...
2024-12-23 09:41:36,277 - Video_analyser.utils.logger - INFO - Analysis complete. Report saved to analysis_results\analysis_report_final_advertisement_3.txt
2024-12-23 18:06:10,924 - Video_analyser.utils.logger - INFO - Validating inputs...
2024-12-23 18:06:10,925 - Video_analyser.utils.logger - INFO - Extracting frames...
2024-12-23 18:06:11,329 - Video_analyser.utils.logger - INFO - Performing technical analysis...
2024-12-23 18:06:14,482 - Video_analyser.utils.logger - INFO - Performing AI analysis...
2024-12-23 18:06:49,953 - Video_analyser.utils.logger - INFO - Aggregating results...
2024-12-23 18:06:49,973 - Video_analyser.utils.logger - INFO - Analysis complete. Report saved to analysis_results\analysis_report_final_advertisement_3.txt
2024-12-23 19:21:50,362 - Video_analyser.utils.logger - INFO - Validating inputs...
2024-12-23 19:21:50,364 - Video_analyser.utils.logger - INFO - Extracting frames...
2024-12-23 19:21:50,609 - Video_analyser.utils.logger - INFO - Performing technical analysis...
2024-12-23 19:21:52,714 - Video_analyser.utils.logger - INFO - Performing AI analysis...
2024-12-23 19:22:25,141 - Video_analyser.utils.logger - INFO - Aggregating results...
2024-12-23 19:22:25,154 - Video_analyser.utils.logger - INFO - Analysis complete. Report saved to analysis_results\analysis_report_final_advertisement_2.txt
2024-12-23 20:00:42,714 - Video_analyser.utils.logger - INFO - Validating inputs...
2024-12-23 20:00:42,715 - Video_analyser.utils.logger - INFO - Extracting frames...
2024-12-23 20:00:43,641 - Video_analyser.utils.logger - INFO - Performing technical analysis...
2024-12-23 20:00:50,769 - Video_analyser.utils.logger - INFO - Performing AI analysis...
2024-12-23 20:01:27,382 - Video_analyser.utils.logger - INFO - Aggregating results...
2024-12-23 20:01:27,397 - Video_analyser.utils.logger - INFO - Analysis complete. Report saved to analysis_results\analysis_report_ecovivefinal.txt
2024-12-23 20:10:23,323 - Video_analyser.utils.logger - INFO - Validating inputs...
2024-12-23 20:10:23,326 - Video_analyser.utils.logger - INFO - Extracting frames...
2024-12-23 20:10:24,283 - Video_analyser.utils.logger - INFO - Performing technical analysis...
2024-12-23 20:10:29,852 - Video_analyser.utils.logger - INFO - Performing AI analysis...
2024-12-23 20:11:07,142 - Video_analyser.utils.logger - INFO - Aggregating results...
2024-12-23 20:11:07,150 - Video_analyser.utils.logger - INFO - Analysis complete. Report saved to analysis_results\analysis_report_generated-video.txt
2024-12-23 20:23:05,281 - Video_analyser.utils.logger - INFO - Validating inputs...
2024-12-23 20:23:05,283 - Video_analyser.utils.logger - INFO - Extracting frames...
2024-12-23 20:23:06,231 - Video_analyser.utils.logger - INFO - Performing technical analysis...
2024-12-23 20:23:11,802 - Video_analyser.utils.logger - INFO - Performing AI analysis...
2024-12-23 20:23:47,722 - Video_analyser.utils.logger - INFO - Aggregating results...
2024-12-23 20:23:47,729 - Video_analyser.utils.logger - INFO - Analysis complete. Report saved to analysis_results\analysis_report_generated-video_1.txt
2024-12-23 20:49:14,746 - Video_analyser.utils.logger - INFO - Validating inputs...
2024-12-23 20:49:14,747 - Video_analyser.utils.logger - INFO - Extracting frames...
2024-12-23 20:49:15,682 - Video_analyser.utils.logger - INFO - Performing technical analysis...
2024-12-23 20:49:21,455 - Video_analyser.utils.logger - INFO - Performing AI analysis...
2024-12-23 20:50:00,337 - Video_analyser.utils.logger - INFO - Aggregating results...
2024-12-23 20:50:00,341 - Video_analyser.utils.logger - INFO - Analysis complete. Report saved to analysis_results\analysis_report_final_advertisement_4.txt
2024-12-24 00:05:32,504 - Video_analyser.utils.logger - INFO - Validating inputs...
2024-12-24 00:05:32,508 - Video_analyser.utils.logger - INFO - Extracting frames...
2024-12-24 00:05:34,252 - Video_analyser.utils.logger - INFO - Performing technical analysis...
2024-12-24 00:05:44,426 - Video_analyser.utils.logger - INFO - Performing AI analysis...
2024-12-24 00:06:25,772 - Video_analyser.utils.logger - INFO - Aggregating results...
2024-12-24 00:06:25,787 - Video_analyser.utils.logger - INFO - Analysis complete. Report saved to analysis_results\analysis_report_final_advertisement_4.txt
